<?xml version="1.0" encoding="UTF-8"?>
<!-- Generated by org.testng.reporters.JUnitXMLReporter -->
<testsuite ignored="0" hostname="DESKTOP-46OCBU9" failures="1" tests="1" name="Firefox Test" time="9.036" errors="0" timestamp="2022-03-01T13:51:47 CET">
  <testcase classname="fotoGIStests.TestNG_FotoGISLoginParallel" name="testLogin" time="0.643">
    <failure type="org.openqa.selenium.ElementClickInterceptedException" message="Element &amp;lt;button class=&amp;quot;btn custom_button rounded_border loginBtn ng-scope&amp;quot; type=&amp;quot;submit&amp;quot;&amp;gt; is not clickable at point (1533,390) because another element &amp;lt;div id=&amp;quot;loading_screen&amp;quot;&amp;gt; obscures it
Build info: version: &amp;apos;4.1.2&amp;apos;, revision: &amp;apos;9a5a329c5a&amp;apos;
System info: host: &amp;apos;DESKTOP-46OCBU9&amp;apos;, ip: &amp;apos;10.64.15.8&amp;apos;, os.name: &amp;apos;Windows 10&amp;apos;, os.arch: &amp;apos;amd64&amp;apos;, os.version: &amp;apos;10.0&amp;apos;, java.version: &amp;apos;17.0.1&amp;apos;
Driver info: org.openqa.selenium.firefox.FirefoxDriver
Command: [2151371a-42b8-45b1-b484-dd4fde55a37f, clickElement {id=82b5379f-e991-4a42-b6e6-d71238762b7b}]
Capabilities {acceptInsecureCerts: true, browserName: firefox, browserVersion: 97.0.1, javascriptEnabled: true, moz:accessibilityChecks: false, moz:buildID: 20220216172458, moz:debuggerAddress: localhost:53358, moz:geckodriverVersion: 0.30.0, moz:headless: false, moz:processID: 16156, moz:profile: C:\Users\rados\AppData\Loca..., moz:shutdownTimeout: 60000, moz:useNonSpecCompliantPointerOrigin: false, moz:webdriverClick: true, pageLoadStrategy: normal, platform: WINDOWS, platformName: WINDOWS, platformVersion: 10.0, proxy: Proxy(), se:cdp: ws://localhost:53358/devtoo..., se:cdpVersion: 85.0, setWindowRect: true, strictFileInteractability: false, timeouts: {implicit: 0, pageLoad: 300000, script: 30000}, unhandledPromptBehavior: dismiss and notify}
Element: [[FirefoxDriver: firefox on WINDOWS (2151371a-42b8-45b1-b484-dd4fde55a37f)] -&amp;gt; xpath: //button[contains(text(),&amp;apos;Logowanie&amp;apos;)]]
Session ID: 2151371a-42b8-45b1-b484-dd4fde55a37f">
      <![CDATA[org.openqa.selenium.ElementClickInterceptedException: Element <button class="btn custom_button rounded_border loginBtn ng-scope" type="submit"> is not clickable at point (1533,390) because another element <div id="loading_screen"> obscures it
Build info: version: '4.1.2', revision: '9a5a329c5a'
System info: host: 'DESKTOP-46OCBU9', ip: '10.64.15.8', os.name: 'Windows 10', os.arch: 'amd64', os.version: '10.0', java.version: '17.0.1'
Driver info: org.openqa.selenium.firefox.FirefoxDriver
Command: [2151371a-42b8-45b1-b484-dd4fde55a37f, clickElement {id=82b5379f-e991-4a42-b6e6-d71238762b7b}]
Capabilities {acceptInsecureCerts: true, browserName: firefox, browserVersion: 97.0.1, javascriptEnabled: true, moz:accessibilityChecks: false, moz:buildID: 20220216172458, moz:debuggerAddress: localhost:53358, moz:geckodriverVersion: 0.30.0, moz:headless: false, moz:processID: 16156, moz:profile: C:\Users\rados\AppData\Loca..., moz:shutdownTimeout: 60000, moz:useNonSpecCompliantPointerOrigin: false, moz:webdriverClick: true, pageLoadStrategy: normal, platform: WINDOWS, platformName: WINDOWS, platformVersion: 10.0, proxy: Proxy(), se:cdp: ws://localhost:53358/devtoo..., se:cdpVersion: 85.0, setWindowRect: true, strictFileInteractability: false, timeouts: {implicit: 0, pageLoad: 300000, script: 30000}, unhandledPromptBehavior: dismiss and notify}
Element: [[FirefoxDriver: firefox on WINDOWS (2151371a-42b8-45b1-b484-dd4fde55a37f)] -> xpath: //button[contains(text(),'Logowanie')]]
Session ID: 2151371a-42b8-45b1-b484-dd4fde55a37f
at org.openqa.selenium.remote.codec.w3c.W3CHttpResponseCodec.createException(W3CHttpResponseCodec.java:200)
at org.openqa.selenium.remote.codec.w3c.W3CHttpResponseCodec.decode(W3CHttpResponseCodec.java:133)
at org.openqa.selenium.remote.codec.w3c.W3CHttpResponseCodec.decode(W3CHttpResponseCodec.java:53)
at org.openqa.selenium.remote.HttpCommandExecutor.execute(HttpCommandExecutor.java:184)
at org.openqa.selenium.remote.service.DriverCommandExecutor.invokeExecute(DriverCommandExecutor.java:167)
at org.openqa.selenium.remote.service.DriverCommandExecutor.execute(DriverCommandExecutor.java:142)
at org.openqa.selenium.remote.RemoteWebDriver.execute(RemoteWebDriver.java:558)
at org.openqa.selenium.remote.RemoteWebElement.execute(RemoteWebElement.java:251)
at org.openqa.selenium.remote.RemoteWebElement.click(RemoteWebElement.java:77)
at fotoGIStests.TestNG_FotoGISLoginParallel.testLogin(TestNG_FotoGISLoginParallel.java:44)
at java.base/java.util.ArrayList.forEach(ArrayList.java:1511)
at java.base/java.util.concurrent.FutureTask.run(FutureTask.java:264)
at java.base/java.util.concurrent.ThreadPoolExecutor.runWorker(ThreadPoolExecutor.java:1136)
at java.base/java.util.concurrent.ThreadPoolExecutor$Worker.run(ThreadPoolExecutor.java:635)
at java.base/java.lang.Thread.run(Thread.java:833)
... Removed 23 stack frames]]>
    </failure>
  </testcase> <!-- testLogin -->
</testsuite> <!-- Firefox Test -->
